This is pdfTeX, Version 3.1415926-2.3-1.40.12 (MiKTeX 2.9) (preloaded format=pdflatex 2015.8.5)  7 DEC 2016 15:05
entering extended mode
**AAR_v8.TEX
(d:\Submissions\TCAD\2016\AnyAngleRouting\AARF-Final\AARF\AAR_v8.TEX
LaTeX2e <2011/06/27>
Babel <v3.8m> and hyphenation patterns for loaded.
(d:\Submissions\TCAD\2016\AnyAngleRouting\AARF-Final\AARF\IEEEtran.cls
Document Class: IEEEtran 2007/03/05 V1.7a by Michael Shell
-- See the "IEEEtran_HOWTO" manual for usage information.
-- http://www.michaelshell.org/tex/ieeetran/
\@IEEEtrantmpdimenA=\dimen102
\@IEEEtrantmpdimenB=\dimen103
\@IEEEtrantmpcountA=\count79
\@IEEEtrantmpcountB=\count80
\@IEEEtrantmptoksA=\toks14
LaTeX Font Info:    Try loading font information for OT1+ptm on input line 366.

(C:\CTEX\MiKTeX\tex\latex\psnfss\ot1ptm.fd
File: ot1ptm.fd 2001/06/04 font definitions for OT1/ptm.
)
-- Using 8.5in x 11in (letter) paper.
-- Using PDF output.
\@IEEEnormalsizeunitybaselineskip=\dimen104
-- This is a 10 point document.
\CLASSINFOnormalsizebaselineskip=\dimen105
\CLASSINFOnormalsizeunitybaselineskip=\dimen106
\IEEEnormaljot=\dimen107
LaTeX Font Info:    Font shape `OT1/ptm/bx/n' in size <5> not available
(Font)              Font shape `OT1/ptm/b/n' tried instead on input line 724.
LaTeX Font Info:    Font shape `OT1/ptm/bx/it' in size <5> not available
(Font)              Font shape `OT1/ptm/b/it' tried instead on input line 724.
LaTeX Font Info:    Font shape `OT1/ptm/bx/n' in size <7> not available
(Font)              Font shape `OT1/ptm/b/n' tried instead on input line 724.
LaTeX Font Info:    Font shape `OT1/ptm/bx/it' in size <7> not available
(Font)              Font shape `OT1/ptm/b/it' tried instead on input line 724.
LaTeX Font Info:    Font shape `OT1/ptm/bx/n' in size <8> not available
(Font)              Font shape `OT1/ptm/b/n' tried instead on input line 724.
LaTeX Font Info:    Font shape `OT1/ptm/bx/it' in size <8> not available
(Font)              Font shape `OT1/ptm/b/it' tried instead on input line 724.
LaTeX Font Info:    Font shape `OT1/ptm/bx/n' in size <9> not available
(Font)              Font shape `OT1/ptm/b/n' tried instead on input line 724.
LaTeX Font Info:    Font shape `OT1/ptm/bx/it' in size <9> not available
(Font)              Font shape `OT1/ptm/b/it' tried instead on input line 724.
LaTeX Font Info:    Font shape `OT1/ptm/bx/n' in size <10> not available
(Font)              Font shape `OT1/ptm/b/n' tried instead on input line 724.
LaTeX Font Info:    Font shape `OT1/ptm/bx/it' in size <10> not available
(Font)              Font shape `OT1/ptm/b/it' tried instead on input line 724.
LaTeX Font Info:    Font shape `OT1/ptm/bx/n' in size <11> not available
(Font)              Font shape `OT1/ptm/b/n' tried instead on input line 724.
LaTeX Font Info:    Font shape `OT1/ptm/bx/it' in size <11> not available
(Font)              Font shape `OT1/ptm/b/it' tried instead on input line 724.
LaTeX Font Info:    Font shape `OT1/ptm/bx/n' in size <12> not available
(Font)              Font shape `OT1/ptm/b/n' tried instead on input line 724.
LaTeX Font Info:    Font shape `OT1/ptm/bx/it' in size <12> not available
(Font)              Font shape `OT1/ptm/b/it' tried instead on input line 724.
LaTeX Font Info:    Font shape `OT1/ptm/bx/n' in size <17> not available
(Font)              Font shape `OT1/ptm/b/n' tried instead on input line 724.
LaTeX Font Info:    Font shape `OT1/ptm/bx/it' in size <17> not available
(Font)              Font shape `OT1/ptm/b/it' tried instead on input line 724.
LaTeX Font Info:    Font shape `OT1/ptm/bx/n' in size <20> not available
(Font)              Font shape `OT1/ptm/b/n' tried instead on input line 724.
LaTeX Font Info:    Font shape `OT1/ptm/bx/it' in size <20> not available
(Font)              Font shape `OT1/ptm/b/it' tried instead on input line 724.
LaTeX Font Info:    Font shape `OT1/ptm/bx/n' in size <24> not available
(Font)              Font shape `OT1/ptm/b/n' tried instead on input line 724.
LaTeX Font Info:    Font shape `OT1/ptm/bx/it' in size <24> not available
(Font)              Font shape `OT1/ptm/b/it' tried instead on input line 724.
\IEEEilabelindentA=\dimen108
\IEEEilabelindentB=\dimen109
\IEEEilabelindent=\dimen110
\IEEEelabelindent=\dimen111
\IEEEdlabelindent=\dimen112
\IEEElabelindent=\dimen113
\IEEEiednormlabelsep=\dimen114
\IEEEiedmathlabelsep=\dimen115
\IEEEiedtopsep=\skip41
\c@section=\count81
\c@subsection=\count82
\c@subsubsection=\count83
\c@paragraph=\count84
\c@IEEEsubequation=\count85
\abovecaptionskip=\skip42
\belowcaptionskip=\skip43
\c@figure=\count86
\c@table=\count87
\@IEEEeqnnumcols=\count88
\@IEEEeqncolcnt=\count89
\@IEEEtmpitemindent=\dimen116
\c@IEEEbiography=\count90
\@IEEEtranrubishbin=\box26
) (C:\CTEX\MiKTeX\tex\latex\hyperref\hyperref.sty
Package: hyperref 2012/02/06 v6.82o Hypertext links for LaTeX

(C:\CTEX\MiKTeX\tex\generic\oberdiek\hobsub-hyperref.sty
Package: hobsub-hyperref 2011/04/23 v1.4 Bundle oberdiek, subset hyperref (HO)

(C:\CTEX\MiKTeX\tex\generic\oberdiek\hobsub-generic.sty
Package: hobsub-generic 2011/04/23 v1.4 Bundle oberdiek, subset generic (HO)
Package: hobsub 2011/04/23 v1.4 Subsetting bundle oberdiek (HO)
Package: infwarerr 2010/04/08 v1.3 Providing info/warning/message (HO)
Package: ltxcmds 2011/04/18 v1.20 LaTeX kernel commands for general use (HO)
Package: ifluatex 2010/03/01 v1.3 Provides the ifluatex switch (HO)
Package ifluatex Info: LuaTeX not detected.
Package: ifvtex 2010/03/01 v1.5 Switches for detecting VTeX and its modes (HO)
Package ifvtex Info: VTeX not detected.
Package: intcalc 2007/09/27 v1.1 Expandable integer calculations (HO)
Package: ifpdf 2011/01/30 v2.3 Provides the ifpdf switch (HO)
Package ifpdf Info: pdfTeX in PDF mode is detected.
Package: etexcmds 2011/02/16 v1.5 Prefix for e-TeX command names (HO)
Package etexcmds Info: Could not find \expanded.
(etexcmds)             That can mean that you are not using pdfTeX 1.50 or
(etexcmds)             that some package has redefined \expanded.
(etexcmds)             In the latter case, load this package earlier.
Package: kvsetkeys 2011/04/07 v1.13 Key value parser (HO)
Package: kvdefinekeys 2011/04/07 v1.3 Defining keys (HO)
Package: pdftexcmds 2011/04/22 v0.16 Utilities of pdfTeX for LuaTeX (HO)
Package pdftexcmds Info: LuaTeX not detected.
Package pdftexcmds Info: \pdf@primitive is available.
Package pdftexcmds Info: \pdf@ifprimitive is available.
Package pdftexcmds Info: \pdfdraftmode found.
Package: pdfescape 2011/04/04 v1.12 Provides string conversions (HO)
Package: bigintcalc 2011/01/30 v1.2 Expandable big integer calculations (HO)
Package: bitset 2011/01/30 v1.1 Data type bit set (HO)
Package: uniquecounter 2011/01/30 v1.2 Provides unlimited unique counter (HO)
)
Package hobsub Info: Skipping package `hobsub' (already loaded).
Package: letltxmacro 2010/09/02 v1.4 Let assignment for LaTeX macros (HO)
Package: hopatch 2011/01/30 v1.0 Wrapper for package hooks (HO)
Package: xcolor-patch 2011/01/30 xcolor patch
Package: atveryend 2011/04/23 v1.7 Hooks at very end of document (HO)
Package: atbegshi 2011/01/30 v1.15 At begin shipout hook (HO)
Package: refcount 2010/12/01 v3.2 Data extraction from references (HO)
Package: hycolor 2011/01/30 v1.7 Color options of hyperref/bookmark (HO)
)
(C:\CTEX\MiKTeX\tex\latex\graphics\keyval.sty
Package: keyval 1999/03/16 v1.13 key=value parser (DPC)
\KV@toks@=\toks15
)
(C:\CTEX\MiKTeX\tex\generic\ifxetex\ifxetex.sty
Package: ifxetex 2010/09/12 v0.6 Provides ifxetex conditional
)
(C:\CTEX\MiKTeX\tex\latex\oberdiek\kvoptions.sty
Package: kvoptions 2010/12/23 v3.10 Keyval support for LaTeX options (HO)
)
\@linkdim=\dimen117
\Hy@linkcounter=\count91
\Hy@pagecounter=\count92

(C:\CTEX\MiKTeX\tex\latex\hyperref\pd1enc.def
File: pd1enc.def 2012/02/06 v6.82o Hyperref: PDFDocEncoding definition (HO)
)
\Hy@SavedSpaceFactor=\count93

(C:\CTEX\MiKTeX\tex\latex\00miktex\hyperref.cfg
File: hyperref.cfg 2002/06/06 v1.2 hyperref configuration of TeXLive
)
Package hyperref Info: Option `colorlinks' set `true' on input line 3925.
Package hyperref Info: Hyper figures OFF on input line 4046.
Package hyperref Info: Link nesting OFF on input line 4051.
Package hyperref Info: Hyper index ON on input line 4054.
Package hyperref Info: Plain pages OFF on input line 4061.
Package hyperref Info: Backreferencing OFF on input line 4066.
Package hyperref Info: Implicit mode ON; LaTeX internals redefined.
Package hyperref Info: Bookmarks ON on input line 4284.
\c@Hy@tempcnt=\count94

(C:\CTEX\MiKTeX\tex\latex\ltxmisc\url.sty
\Urlmuskip=\muskip10
Package: url 2006/04/12  ver 3.3  Verb mode for urls, etc.
)
LaTeX Info: Redefining \url on input line 4637.
\Fld@menulength=\count95
\Field@Width=\dimen118
\Fld@charsize=\dimen119
Package hyperref Info: Hyper figures OFF on input line 5757.
Package hyperref Info: Link nesting OFF on input line 5762.
Package hyperref Info: Hyper index ON on input line 5765.
Package hyperref Info: backreferencing OFF on input line 5772.
Package hyperref Info: Link coloring ON on input line 5775.
Package hyperref Info: Link coloring with OCG OFF on input line 5782.
Package hyperref Info: PDF/A mode OFF on input line 5787.
LaTeX Info: Redefining \ref on input line 5827.
LaTeX Info: Redefining \pageref on input line 5831.
\Hy@abspage=\count96
\c@Item=\count97
\c@Hfootnote=\count98
)

Package hyperref Message: Driver (autodetected): hpdftex.

(C:\CTEX\MiKTeX\tex\latex\hyperref\hpdftex.def
File: hpdftex.def 2012/02/06 v6.82o Hyperref driver for pdfTeX
\Fld@listcount=\count99
\c@bookmark@seq@number=\count100

(C:\CTEX\MiKTeX\tex\latex\oberdiek\rerunfilecheck.sty
Package: rerunfilecheck 2011/04/15 v1.7 Rerun checks for auxiliary files (HO)
Package uniquecounter Info: New unique counter `rerunfilecheck' on input line 2
82.
)
\Hy@SectionHShift=\skip44
)
(d:\Submissions\TCAD\2016\AnyAngleRouting\AARF-Final\AARF\algorithm.sty
Package: algorithm 

Document Style `algorithm' - floating environment
(C:\CTEX\MiKTeX\tex\latex\float\float.sty
Package: float 2001/11/08 v1.3d Float enhancements (AL)
\c@float@type=\count101
\float@exts=\toks16
\float@box=\box27
\@float@everytoks=\toks17
\@floatcapt=\box28
)
(C:\CTEX\MiKTeX\tex\latex\base\ifthen.sty
Package: ifthen 2001/05/26 v1.1c Standard LaTeX ifthen package (DPC)
)
\@float@every@algorithm=\toks18
\c@algorithm=\count102
)
(C:\CTEX\MiKTeX\tex\latex\algorithm2e\algorithm2e.sty
Package: algorithm2e 2008/00/00 v3.10 algorithms environments
\c@AlgoLine=\count103

(C:\CTEX\MiKTeX\tex\latex\tools\xspace.sty
Package: xspace 2009/10/20 v1.13 Space after command names (DPC,MH)
)
(C:\CTEX\MiKTeX\tex\latex\ltxmisc\relsize.sty
Package: relsize 2003/07/04 ver 3.1
)
********************************************************
Package `algorithm2e' Release 4.01 -- december 14 2009 --
- algorithm2e-announce@lirmm.fr mailing list for announcement about releases
- algorithm2e-discussion@lirmm.fr mailing list for discussion about package
subscribe by emailing sympa@lirmm.fr with 'subscribe <list> <firstname name>'
- Author: Christophe Fiorio (fiorio@lirmm.fr)
********************************************************
\skiptotal=\skip45
\skiplinenumber=\skip46
\skiprule=\skip47
\skiphlne=\skip48
\skiptext=\skip49
\skiplength=\skip50
\algomargin=\skip51
\skipalgocfslide=\skip52
\algowidth=\dimen120
\inoutsize=\dimen121
\inoutline=\dimen122
\interspacetitleruled=\dimen123
\interspacealgoruled=\dimen124
\interspacetitleboxruled=\dimen125
\algocf@inoutbox=\box29
\algocf@inputbox=\box30
\AlCapSkip=\skip53
\AlCapHSkip=\skip54
\algocf@nlbox=\box31
\algocf@hangingbox=\box32
\algocf@capbox=\box33
\algoheightruledefault=\skip55
\algoheightrule=\skip56
\algotitleheightruledefault=\skip57
\algotitleheightrule=\skip58
\c@algocfline=\count104
\c@algocfproc=\count105
\c@algocf=\count106
\algocf@algoframe=\box34
\algocf@algobox=\box35
) (C:\CTEX\MiKTeX\tex\latex\ams\math\amsmath.sty
Package: amsmath 2000/07/18 v2.13 AMS math features
\@mathmargin=\skip59

For additional information on amsmath, use the `?' option.
(C:\CTEX\MiKTeX\tex\latex\ams\math\amstext.sty
Package: amstext 2000/06/29 v2.01

(C:\CTEX\MiKTeX\tex\latex\ams\math\amsgen.sty
File: amsgen.sty 1999/11/30 v2.0
\@emptytoks=\toks19
\ex@=\dimen126
))
(C:\CTEX\MiKTeX\tex\latex\ams\math\amsbsy.sty
Package: amsbsy 1999/11/29 v1.2d
\pmbraise@=\dimen127
)
(C:\CTEX\MiKTeX\tex\latex\ams\math\amsopn.sty
Package: amsopn 1999/12/14 v2.01 operator names
)
\inf@bad=\count107
LaTeX Info: Redefining \frac on input line 211.
\uproot@=\count108
\leftroot@=\count109
LaTeX Info: Redefining \overline on input line 307.
\classnum@=\count110
\DOTSCASE@=\count111
LaTeX Info: Redefining \ldots on input line 379.
LaTeX Info: Redefining \dots on input line 382.
LaTeX Info: Redefining \cdots on input line 467.
\Mathstrutbox@=\box36
\strutbox@=\box37
\big@size=\dimen128
LaTeX Font Info:    Redeclaring font encoding OML on input line 567.
LaTeX Font Info:    Redeclaring font encoding OMS on input line 568.
\macc@depth=\count112
\c@MaxMatrixCols=\count113
\dotsspace@=\muskip11
\c@parentequation=\count114
\dspbrk@lvl=\count115
\tag@help=\toks20
\row@=\count116
\column@=\count117
\maxfields@=\count118
\andhelp@=\toks21
\eqnshift@=\dimen129
\alignsep@=\dimen130
\tagshift@=\dimen131
\tagwidth@=\dimen132
\totwidth@=\dimen133
\lineht@=\dimen134
\@envbody=\toks22
\multlinegap=\skip60
\multlinetaggap=\skip61
\mathdisplay@stack=\toks23
LaTeX Info: Redefining \[ on input line 2666.
LaTeX Info: Redefining \] on input line 2667.
)
(C:\CTEX\MiKTeX\tex\latex\amsfonts\amssymb.sty
Package: amssymb 2009/06/22 v3.00

(C:\CTEX\MiKTeX\tex\latex\amsfonts\amsfonts.sty
Package: amsfonts 2009/06/22 v3.00 Basic AMSFonts support
\symAMSa=\mathgroup4
\symAMSb=\mathgroup5
LaTeX Font Info:    Overwriting math alphabet `\mathfrak' in version `bold'
(Font)                  U/euf/m/n --> U/euf/b/n on input line 96.
))
(d:\Submissions\TCAD\2016\AnyAngleRouting\AARF-Final\AARF\balance.sty
Package: balance 1999/02/23 4.3 (PWD)
\oldvsize=\dimen135
)
(C:\CTEX\MiKTeX\tex\latex\booktabs\booktabs.sty
Package: booktabs 2005/04/14 v1.61803 publication quality tables
\heavyrulewidth=\dimen136
\lightrulewidth=\dimen137
\cmidrulewidth=\dimen138
\belowrulesep=\dimen139
\belowbottomsep=\dimen140
\aboverulesep=\dimen141
\abovetopsep=\dimen142
\cmidrulesep=\dimen143
\cmidrulekern=\dimen144
\defaultaddspace=\dimen145
\@cmidla=\count119
\@cmidlb=\count120
\@aboverulesep=\dimen146
\@belowrulesep=\dimen147
\@thisruleclass=\count121
\@lastruleclass=\count122
\@thisrulewidth=\dimen148
)
(C:\CTEX\MiKTeX\tex\latex\graphics\epsfig.sty
Package: epsfig 1999/02/16 v1.7a (e)psfig emulation (SPQR)

(C:\CTEX\MiKTeX\tex\latex\graphics\graphicx.sty
Package: graphicx 1999/02/16 v1.0f Enhanced LaTeX Graphics (DPC,SPQR)

(C:\CTEX\MiKTeX\tex\latex\graphics\graphics.sty
Package: graphics 2009/02/05 v1.0o Standard LaTeX Graphics (DPC,SPQR)

(C:\CTEX\MiKTeX\tex\latex\graphics\trig.sty
Package: trig 1999/03/16 v1.09 sin cos tan (DPC)
)
(C:\CTEX\MiKTeX\tex\latex\00miktex\graphics.cfg
File: graphics.cfg 2007/01/18 v1.5 graphics configuration of teTeX/TeXLive
)
Package graphics Info: Driver file: pdftex.def on input line 91.

(C:\CTEX\MiKTeX\tex\latex\pdftex-def\pdftex.def
File: pdftex.def 2011/05/27 v0.06d Graphics/color for pdfTeX
\Gread@gobject=\count123
))
\Gin@req@height=\dimen149
\Gin@req@width=\dimen150
)
\epsfxsize=\dimen151
\epsfysize=\dimen152
)
(C:\CTEX\MiKTeX\tex\latex\psnfss\mathptm.sty
Package: mathptm 2005/04/12 PSNFSS-v9.2a Times w/ Math (SPQR, WaS) 


Package mathptm Warning: This package is to be regarded as obsolete.
(mathptm)                See the PSNFSS documentation.

LaTeX Font Info:    Redeclaring symbol font `operators' on input line 31.
LaTeX Font Info:    Overwriting symbol font `operators' in version `normal'
(Font)                  OT1/cmr/m/n --> OT1/ptmcm/m/n on input line 31.
LaTeX Font Info:    Overwriting symbol font `operators' in version `bold'
(Font)                  OT1/cmr/bx/n --> OT1/ptmcm/m/n on input line 31.
LaTeX Font Info:    Redeclaring symbol font `letters' on input line 32.
LaTeX Font Info:    Overwriting symbol font `letters' in version `normal'
(Font)                  OML/cmm/m/it --> OML/ptmcm/m/it on input line 32.
LaTeX Font Info:    Overwriting symbol font `letters' in version `bold'
(Font)                  OML/cmm/b/it --> OML/ptmcm/m/it on input line 32.
LaTeX Font Info:    Redeclaring symbol font `symbols' on input line 33.
LaTeX Font Info:    Overwriting symbol font `symbols' in version `normal'
(Font)                  OMS/cmsy/m/n --> OMS/pzccm/m/n on input line 33.
LaTeX Font Info:    Overwriting symbol font `symbols' in version `bold'
(Font)                  OMS/cmsy/b/n --> OMS/pzccm/m/n on input line 33.
LaTeX Font Info:    Redeclaring symbol font `largesymbols' on input line 34.
LaTeX Font Info:    Overwriting symbol font `largesymbols' in version `normal'
(Font)                  OMX/cmex/m/n --> OMX/psycm/m/n on input line 34.
LaTeX Font Info:    Overwriting symbol font `largesymbols' in version `bold'
(Font)                  OMX/cmex/m/n --> OMX/psycm/m/n on input line 34.
\symbold=\mathgroup6
\symitalic=\mathgroup7
LaTeX Font Info:    Redeclaring math alphabet \mathbf on input line 37.
LaTeX Font Info:    Overwriting math alphabet `\mathbf' in version `normal'
(Font)                  OT1/cmr/bx/n --> OT1/ptm/bx/n on input line 37.
LaTeX Font Info:    Overwriting math alphabet `\mathbf' in version `bold'
(Font)                  OT1/cmr/bx/n --> OT1/ptm/bx/n on input line 37.
LaTeX Font Info:    Redeclaring math alphabet \mathit on input line 38.
LaTeX Font Info:    Overwriting math alphabet `\mathit' in version `normal'
(Font)                  OT1/cmr/m/it --> OT1/ptm/m/it on input line 38.
LaTeX Font Info:    Overwriting math alphabet `\mathit' in version `bold'
(Font)                  OT1/cmr/bx/it --> OT1/ptm/m/it on input line 38.
) (C:\CTEX\MiKTeX\tex\latex\subfigure\subfigure.sty
Package: subfigure 2002/07/30 v2.1.4 subfigure package
\subfigtopskip=\skip62
\subfigcapskip=\skip63
\subfigcaptopadj=\dimen153
\subfigbottomskip=\skip64
\subfigcapmargin=\dimen154
\subfiglabelskip=\skip65
\c@subfigure=\count124
\c@lofdepth=\count125
\c@subtable=\count126
\c@lotdepth=\count127

****************************************
* Local config file subfigure.cfg used *
****************************************
(C:\CTEX\MiKTeX\tex\latex\subfigure\subfigure.cfg)
\subfig@top=\skip66
\subfig@bottom=\skip67
)
(C:\CTEX\MiKTeX\tex\latex\psnfss\times.sty
Package: times 2005/04/12 PSNFSS-v9.2a (SPQR) 
)
\c@theorem=\count128
\c@definition=\count129
\c@lemma=\count130
\c@proposition=\count131
\c@fact=\count132

(d:\Submissions\TCAD\2016\AnyAngleRouting\AARF-Final\AARF\AAR_v8.aux

LaTeX Warning: Label `fig:overview' multiply defined.


LaTeX Warning: Label `fig:overview' multiply defined.


LaTeX Warning: Label `eqn:dp1' multiply defined.


LaTeX Warning: Label `fig:rlv' multiply defined.


LaTeX Warning: Label `fig:opt' multiply defined.


LaTeX Warning: Label `fig:pcsc' multiply defined.


LaTeX Warning: Label `fig:pcs' multiply defined.


LaTeX Warning: Label `fig:mvaa' multiply defined.


LaTeX Warning: Label `fig:mvab' multiply defined.

)
LaTeX Font Info:    Checking defaults for OML/cmm/m/it on input line 62.
LaTeX Font Info:    ... okay on input line 62.
LaTeX Font Info:    Checking defaults for T1/cmr/m/n on input line 62.
LaTeX Font Info:    ... okay on input line 62.
LaTeX Font Info:    Checking defaults for OT1/cmr/m/n on input line 62.
LaTeX Font Info:    ... okay on input line 62.
LaTeX Font Info:    Checking defaults for OMS/cmsy/m/n on input line 62.
LaTeX Font Info:    ... okay on input line 62.
LaTeX Font Info:    Checking defaults for OMX/cmex/m/n on input line 62.
LaTeX Font Info:    ... okay on input line 62.
LaTeX Font Info:    Checking defaults for U/cmr/m/n on input line 62.
LaTeX Font Info:    ... okay on input line 62.
LaTeX Font Info:    Checking defaults for PD1/pdf/m/n on input line 62.
LaTeX Font Info:    ... okay on input line 62.
\AtBeginShipoutBox=\box38
 (C:\CTEX\MiKTeX\tex\latex\graphics\color.sty
Package: color 2005/11/14 v1.0j Standard LaTeX Color (DPC)

(C:\CTEX\MiKTeX\tex\latex\00miktex\color.cfg
File: color.cfg 2007/01/18 v1.5 color configuration of teTeX/TeXLive
)
Package color Info: Driver file: pdftex.def on input line 130.
)
Package hyperref Info: Link coloring ON on input line 62.

(C:\CTEX\MiKTeX\tex\latex\hyperref\nameref.sty
Package: nameref 2010/04/30 v2.40 Cross-referencing by name of section

(C:\CTEX\MiKTeX\tex\generic\oberdiek\gettitlestring.sty
Package: gettitlestring 2010/12/03 v1.4 Cleanup title references (HO)
)
\c@section@level=\count133
)
LaTeX Info: Redefining \ref on input line 62.
LaTeX Info: Redefining \pageref on input line 62.
LaTeX Info: Redefining \nameref on input line 62.

(d:\Submissions\TCAD\2016\AnyAngleRouting\AARF-Final\AARF\AAR_v8.out)
(d:\Submissions\TCAD\2016\AnyAngleRouting\AARF-Final\AARF\AAR_v8.out)
\@outlinefile=\write3

(C:\CTEX\MiKTeX\tex\context\base\supp-pdf.mkii
[Loading MPS to PDF converter (version 2006.09.02).]
\scratchcounter=\count134
\scratchdimen=\dimen155
\scratchbox=\box39
\nofMPsegments=\count135
\nofMParguments=\count136
\everyMPshowfont=\toks24
\MPscratchCnt=\count137
\MPscratchDim=\dimen156
\MPnumerator=\count138
\makeMPintoPDFobject=\count139
\everyMPtoPDFconversion=\toks25
)
LaTeX Font Info:    Try loading font information for OT1+ptmcm on input line 88
.
 (C:\CTEX\MiKTeX\tex\latex\psnfss\ot1ptmcm.fd
File: ot1ptmcm.fd 2000/01/03 Fontinst v1.801 font definitions for OT1/ptmcm.
)
LaTeX Font Info:    Try loading font information for OML+ptmcm on input line 88
.

(C:\CTEX\MiKTeX\tex\latex\psnfss\omlptmcm.fd
File: omlptmcm.fd 2000/01/03 Fontinst v1.801 font definitions for OML/ptmcm.
)
LaTeX Font Info:    Try loading font information for OMS+pzccm on input line 88
.

(C:\CTEX\MiKTeX\tex\latex\psnfss\omspzccm.fd
File: omspzccm.fd 2000/01/03 Fontinst v1.801 font definitions for OMS/pzccm.
)
LaTeX Font Info:    Try loading font information for OMX+psycm on input line 88
.

(C:\CTEX\MiKTeX\tex\latex\psnfss\omxpsycm.fd
File: omxpsycm.fd 2000/01/03 Fontinst v1.801 font definitions for OMX/psycm.
)
LaTeX Font Info:    Try loading font information for U+msa on input line 88.

(C:\CTEX\MiKTeX\tex\latex\amsfonts\umsa.fd
File: umsa.fd 2009/06/22 v3.00 AMS symbols A
)
LaTeX Font Info:    Try loading font information for U+msb on input line 88.

(C:\CTEX\MiKTeX\tex\latex\amsfonts\umsb.fd
File: umsb.fd 2009/06/22 v3.00 AMS symbols B
)
LaTeX Font Info:    Font shape `OT1/ptm/bx/n' in size <6> not available
(Font)              Font shape `OT1/ptm/b/n' tried instead on input line 88.
LaTeX Font Info:    Try loading font information for OMS+ptm on input line 88.

(C:\CTEX\MiKTeX\tex\latex\psnfss\omsptm.fd
File: omsptm.fd 
)
LaTeX Font Info:    Font shape `OMS/ptm/m/n' in size <8> not available
(Font)              Font shape `OMS/cmsy/m/n' tried instead on input line 88.

** ATTENTION: \keywords is deprecated (line 96). Use \IEEEkeywords instead.
<./Figs/biochip.pdf, id=107, 1355.12279pt x 891.40628pt>
File: ./Figs/biochip.pdf Graphic file (type pdf)

<use ./Figs/biochip.pdf>
Package pdftex.def Info: ./Figs/biochip.pdf used on input line 115.
(pdftex.def)             Requested size: 161.28122pt x 106.08002pt.

<./Figs/TopSideView.pdf, id=108, 780.72777pt x 608.53746pt>
File: ./Figs/TopSideView.pdf Graphic file (type pdf)

<use ./Figs/TopSideView.pdf>
Package pdftex.def Info: ./Figs/TopSideView.pdf used on input line 125.
(pdftex.def)             Requested size: 123.47891pt x 96.24443pt.


pdfTeX warning: pdflatex (file d:/Submissions/TCAD/2016/AnyAngleRouting/AARF-Fi
nal/AARF/Figs/anyangleExampleA.pdf): PDF inclusion: found PDF version <1.6>, bu
t at most version <1.5> allowed
<./Figs/anyangleExampleA.pdf, id=117, 237.83365pt x 136.12958pt>
File: ./Figs/anyangleExampleA.pdf Graphic file (type pdf)

<use ./Figs/anyangleExampleA.pdf>
Package pdftex.def Info: ./Figs/anyangleExampleA.pdf used on input line 155.
(pdftex.def)             Requested size: 204.11722pt x 116.83235pt.


pdfTeX warning: pdflatex (file d:/Submissions/TCAD/2016/AnyAngleRouting/AARF-Fi
nal/AARF/Figs/anyangleExampleB.pdf): PDF inclusion: found PDF version <1.6>, bu
t at most version <1.5> allowed
<./Figs/anyangleExampleB.pdf, id=118, 192.36978pt x 196.5744pt>
File: ./Figs/anyangleExampleB.pdf Graphic file (type pdf)

<use ./Figs/anyangleExampleB.pdf>
Package pdftex.def Info: ./Figs/anyangleExampleB.pdf used on input line 166.
(pdftex.def)             Requested size: 204.11722pt x 208.58682pt.
LaTeX Font Info:    Font shape `OT1/ptm/bx/n' in size <7.4> not available
(Font)              Font shape `OT1/ptm/b/n' tried instead on input line 180.
 [1{C:/CTEX/UserData/pdftex/config/pdftex.map{Unicode.sfd}{UGBK.sfd}}


pdfTeX warning (ext4): destination with the same identifier (name{figure.1}) ha
s been already used, duplicate ignored

\AtBegShi@Output ...ipout \box \AtBeginShipoutBox 
                                                  \fi \fi 
l.183 
       <d:/Submissions/TCAD/2016/AnyAngleRouting/AARF-Final/AARF/Figs/biochip.p
df> <d:/Submissions/TCAD/2016/AnyAngleRouting/AARF-Final/AARF/Figs/TopSideView.
pdf>]
Underfull \vbox (badness 7168) has occurred while \output is active []


<./Figs/MR.pdf, id=173, 295.16272pt x 337.32022pt>
File: ./Figs/MR.pdf Graphic file (type pdf)
 <use ./Figs/MR.pdf>
Package pdftex.def Info: ./Figs/MR.pdf used on input line 219.
(pdftex.def)             Requested size: 58.05975pt x 66.35107pt.

<./Figs/AARF.pdf, id=174, 295.16272pt x 337.32022pt>
File: ./Figs/AARF.pdf Graphic file (type pdf)
 <use ./Figs/AARF.pdf>
Package pdftex.def Info: ./Figs/AARF.pdf used on input line 230.
(pdftex.def)             Requested size: 58.05975pt x 66.35107pt.

[2pdfTeX warning (ext4): destination with the same identifier (name{figure.2}) 
has been already used, duplicate ignored

\AtBegShi@Output ...ipout \box \AtBeginShipoutBox 
                                                  \fi \fi 
l.256 
       <d:/Submissions/TCAD/2016/AnyAngleRouting/AARF-Final/AARF/Figs/anyangleE
xampleA.pdf> <d:/Submissions/TCAD/2016/AnyAngleRouting/AARF-Final/AARF/Figs/any
angleExampleB.pdf>]
<./Figs/turnangleDef.pdf, id=318, 530.57169pt x 666.79198pt>
File: ./Figs/turnangleDef.pdf Graphic file (type pdf)

<use ./Figs/turnangleDef.pdf>
Package pdftex.def Info: ./Figs/turnangleDef.pdf used on input line 301.
(pdftex.def)             Requested size: 151.20154pt x 190.01733pt.
 [3pdfTeX warning (ext4): destination with the same identifier (name{figure.3})
 has been already used, duplicate ignored

\AtBegShi@Output ...ipout \box \AtBeginShipoutBox 
                                                  \fi \fi 
l.326 
      pdfTeX warning (ext4): destination with the same identifier (name{figure.
4}) has been already used, duplicate ignored

\AtBegShi@Output ...ipout \box \AtBeginShipoutBox 
                                                  \fi \fi 
l.326 
       <d:/Submissions/TCAD/2016/AnyAngleRouting/AARF-Final/AARF/Figs/MR.pdf> <
d:/Submissions/TCAD/2016/AnyAngleRouting/AARF-Final/AARF/Figs/AARF.pdf> <d:/Sub
missions/TCAD/2016/AnyAngleRouting/AARF-Final/AARF/Figs/turnangleDef.pdf>]
<./Figs/newFlowOpt.pdf, id=376, 549.01118pt x 735.07344pt>
File: ./Figs/newFlowOpt.pdf Graphic file (type pdf)

<use ./Figs/newFlowOpt.pdf>
Package pdftex.def Info: ./Figs/newFlowOpt.pdf used on input line 374.
(pdftex.def)             Requested size: 226.79846pt x 303.65897pt.

<./Figs/DTGExampleA.pdf, id=379, 505.30725pt x 467.99422pt>
File: ./Figs/DTGExampleA.pdf Graphic file (type pdf)

<use ./Figs/DTGExampleA.pdf>
Package pdftex.def Info: ./Figs/DTGExampleA.pdf used on input line 474.
(pdftex.def)             Requested size: 58.05975pt x 53.77177pt.

<./Figs/DTGExampleB.pdf, id=380, 505.30582pt x 467.99443pt>
File: ./Figs/DTGExampleB.pdf Graphic file (type pdf)

<use ./Figs/DTGExampleB.pdf>
Package pdftex.def Info: ./Figs/DTGExampleB.pdf used on input line 484.
(pdftex.def)             Requested size: 58.05975pt x 53.7718pt.
 [4pdfTeX warning (ext4): destination with the same identifier (name{figure.5})
 has been already used, duplicate ignored

\AtBegShi@Output ...ipout \box \AtBeginShipoutBox 
                                                  \fi \fi 
l.495 
      pdfTeX warning (ext4): destination with the same identifier (name{figure.
6}) has been already used, duplicate ignored

\AtBegShi@Output ...ipout \box \AtBeginShipoutBox 
                                                  \fi \fi 
l.495 
       <d:/Submissions/TCAD/2016/AnyAngleRouting/AARF-Final/AARF/Figs/newFlowOp
t.pdf> <d:/Submissions/TCAD/2016/AnyAngleRouting/AARF-Final/AARF/Figs/DTGExampl
eA.pdf> <d:/Submissions/TCAD/2016/AnyAngleRouting/AARF-Final/AARF/Figs/DTGExamp
leB.pdf>] <./Figs/DTGExampleC.pdf, id=404, 506.40112pt x 467.99422pt>
File: ./Figs/DTGExampleC.pdf Graphic file (type pdf)

<use ./Figs/DTGExampleC.pdf>
Package pdftex.def Info: ./Figs/DTGExampleC.pdf used on input line 518.
(pdftex.def)             Requested size: 90.71973pt x 83.83542pt.

<./Figs/DTGExampleD.pdf, id=405, 506.40288pt x 468.08282pt>
File: ./Figs/DTGExampleD.pdf Graphic file (type pdf)

<use ./Figs/DTGExampleD.pdf>
Package pdftex.def Info: ./Figs/DTGExampleD.pdf used on input line 528.
(pdftex.def)             Requested size: 45.359pt x 41.92564pt.

<./Figs/DTGExampleE.pdf, id=409, 501.69093pt x 251.42467pt>
File: ./Figs/DTGExampleE.pdf Graphic file (type pdf)

<use ./Figs/DTGExampleE.pdf>
Package pdftex.def Info: ./Figs/DTGExampleE.pdf used on input line 555.
(pdftex.def)             Requested size: 189.0pt x 94.71753pt.
 [5pdfTeX warning (ext4): destination with the same identifier (name{table.1}) 
has been already used, duplicate ignored

\AtBegShi@Output ...ipout \box \AtBeginShipoutBox 
                                                  \fi \fi 
l.582 
      pdfTeX warning (ext4): destination with the same identifier (name{figure.
7}) has been already used, duplicate ignored

\AtBegShi@Output ...ipout \box \AtBeginShipoutBox 
                                                  \fi \fi 
l.582 
      pdfTeX warning (ext4): destination with the same identifier (name{figure.
8}) has been already used, duplicate ignored

\AtBegShi@Output ...ipout \box \AtBeginShipoutBox 
                                                  \fi \fi 
l.582 
       <d:/Submissions/TCAD/2016/AnyAngleRouting/AARF-Final/AARF/Figs/DTGExampl
eC.pdf> <d:/Submissions/TCAD/2016/AnyAngleRouting/AARF-Final/AARF/Figs/DTGExamp
leD.pdf> <d:/Submissions/TCAD/2016/AnyAngleRouting/AARF-Final/AARF/Figs/DTGExam
pleE.pdf>] <./Figs/violationA.pdf, id=434, 441.72998pt x 183.46873pt>
File: ./Figs/violationA.pdf Graphic file (type pdf)

<use ./Figs/violationA.pdf>
Package pdftex.def Info: ./Figs/violationA.pdf used on input line 601.
(pdftex.def)             Requested size: 182.0726pt x 75.62299pt.

<./Figs/violationB.pdf, id=435, 441.72998pt x 200.25687pt>
File: ./Figs/violationB.pdf Graphic file (type pdf)

<use ./Figs/violationB.pdf>
Package pdftex.def Info: ./Figs/violationB.pdf used on input line 611.
(pdftex.def)             Requested size: 182.0726pt x 82.5428pt.

<./Figs/violationC.pdf, id=436, 441.77005pt x 370.78157pt>
File: ./Figs/violationC.pdf Graphic file (type pdf)

<use ./Figs/violationC.pdf>
Package pdftex.def Info: ./Figs/violationC.pdf used on input line 621.
(pdftex.def)             Requested size: 182.0726pt x 152.81349pt.

<./Figs/DTGExampleF.pdf, id=441, 528.6739pt x 467.04446pt>
File: ./Figs/DTGExampleF.pdf Graphic file (type pdf)

<use ./Figs/DTGExampleF.pdf>
Package pdftex.def Info: ./Figs/DTGExampleF.pdf used on input line 639.
(pdftex.def)             Requested size: 226.79846pt x 200.35484pt.
 [6pdfTeX warning (ext4): destination with the same identifier (name{figure.9})
 has been already used, duplicate ignored

\AtBegShi@Output ...ipout \box \AtBeginShipoutBox 
                                                  \fi \fi 
l.665 
      pdfTeX warning (ext4): destination with the same identifier (name{figure.
10}) has been already used, duplicate ignored

\AtBegShi@Output ...ipout \box \AtBeginShipoutBox 
                                                  \fi \fi 
l.665 
       <d:/Submissions/TCAD/2016/AnyAngleRouting/AARF-Final/AARF/Figs/violation
A.pdf> <d:/Submissions/TCAD/2016/AnyAngleRouting/AARF-Final/AARF/Figs/violation
B.pdf> <d:/Submissions/TCAD/2016/AnyAngleRouting/AARF-Final/AARF/Figs/violation
C.pdf> <d:/Submissions/TCAD/2016/AnyAngleRouting/AARF-Final/AARF/Figs/DTGExampl
eF.pdf>] <./Figs/DP.pdf, id=521, 748.7238pt x 389.11263pt>
File: ./Figs/DP.pdf Graphic file (type pdf)
 <use ./Figs/DP.pdf>
Package pdftex.def Info: ./Figs/DP.pdf used on input line 681.
(pdftex.def)             Requested size: 226.79846pt x 117.86278pt.

Underfull \hbox (badness 1776) in paragraph at lines 743--745
\OT1/ptm/m/n/10 length of edge $[]$, the ef-fec-tive length of turn-
 []

[7pdfTeX warning (ext4): destination with the same identifier (name{figure.11})
 has been already used, duplicate ignored

\AtBegShi@Output ...ipout \box \AtBeginShipoutBox 
                                                  \fi \fi 
l.745 
       <d:/Submissions/TCAD/2016/AnyAngleRouting/AARF-Final/AARF/Figs/DP.pdf>]
LaTeX Font Info:    Font shape `OT1/ptm/bx/n' in size <6.25002> not available
(Font)              Font shape `OT1/ptm/b/n' tried instead on input line 757.


LaTeX Warning: `h' float specifier changed to `ht'.


LaTeX Warning: `h' float specifier changed to `ht'.

[8pdfTeX warning (ext4): destination with the same identifier (name{algocf.1}) 
has been already used, duplicate ignored

\AtBegShi@Output ...ipout \box \AtBeginShipoutBox 
                                                  \fi \fi 
l.860 
      pdfTeX warning (ext4): destination with the same identifier (name{algocf.
2}) has been already used, duplicate ignored

\AtBegShi@Output ...ipout \box \AtBeginShipoutBox 
                                                  \fi \fi 
l.860 
      pdfTeX warning (ext4): destination with the same identifier (name{algocf.
3}) has been already used, duplicate ignored

\AtBegShi@Output ...ipout \box \AtBeginShipoutBox 
                                                  \fi \fi 
l.860 
      ] <./Figs/relativity.pdf, id=599, 313.9228pt x 217.1864pt>
File: ./Figs/relativity.pdf Graphic file (type pdf)

<use ./Figs/relativity.pdf>
Package pdftex.def Info: ./Figs/relativity.pdf used on input line 899.
(pdftex.def)             Requested size: 226.79846pt x 156.90764pt.
 [9pdfTeX warning (ext4): destination with the same identifier (name{figure.12}
) has been already used, duplicate ignored

\AtBegShi@Output ...ipout \box \AtBeginShipoutBox 
                                                  \fi \fi 
l.926 
       <d:/Submissions/TCAD/2016/AnyAngleRouting/AARF-Final/AARF/Figs/relativit
y.pdf>] <./Figs/optimization.pdf, id=703, 465.45631pt x 259.186pt>
File: ./Figs/optimization.pdf Graphic file (type pdf)

<use ./Figs/optimization.pdf>
Package pdftex.def Info: ./Figs/optimization.pdf used on input line 941.
(pdftex.def)             Requested size: 239.39923pt x 133.30629pt.

<./Figs/precision_case.pdf, id=705, 362.10281pt x 311.89221pt>
File: ./Figs/precision_case.pdf Graphic file (type pdf)

<use ./Figs/precision_case.pdf>
Package pdftex.def Info: ./Figs/precision_case.pdf used on input line 959.
(pdftex.def)             Requested size: 239.39923pt x 206.20642pt.

<./Figs/precision.pdf, id=706, 383.53288pt x 220.0471pt>
File: ./Figs/precision.pdf Graphic file (type pdf)

<use ./Figs/precision.pdf>
Package pdftex.def Info: ./Figs/precision.pdf used on input line 970.
(pdftex.def)             Requested size: 239.39923pt x 137.35114pt.

Underfull \vbox (badness 10000) has occurred while \output is active []

 [10pdfTeX warning (ext4): destination with the same identifier (name{figure.13
}) has been already used, duplicate ignored

\AtBegShi@Output ...ipout \box \AtBeginShipoutBox 
                                                  \fi \fi 
l.1026 
       pdfTeX warning (ext4): destination with the same identifier (name{figure
.14}) has been already used, duplicate ignored

\AtBegShi@Output ...ipout \box \AtBeginShipoutBox 
                                                  \fi \fi 
l.1026 
       pdfTeX warning (ext4): destination with the same identifier (name{figure
.15}) has been already used, duplicate ignored

\AtBegShi@Output ...ipout \box \AtBeginShipoutBox 
                                                  \fi \fi 
l.1026 
        <d:/Submissions/TCAD/2016/AnyAngleRouting/AARF-Final/AARF/Figs/optimiza
tion.pdf> <d:/Submissions/TCAD/2016/AnyAngleRouting/AARF-Final/AARF/Figs/precis
ion_case.pdf> <d:/Submissions/TCAD/2016/AnyAngleRouting/AARF-Final/AARF/Figs/pr
ecision.pdf>] <./Figs/MR_vs_AARF_A.pdf, id=1052, 434.37282pt x 259.19334pt>
File: ./Figs/MR_vs_AARF_A.pdf Graphic file (type pdf)

<use ./Figs/MR_vs_AARF_A.pdf>
Package pdftex.def Info: ./Figs/MR_vs_AARF_A.pdf used on input line 1038.
(pdftex.def)             Requested size: 239.39923pt x 142.8534pt.

<./Figs/MR_vs_AARF_B.pdf, id=1053, 434.37282pt x 259.19334pt>
File: ./Figs/MR_vs_AARF_B.pdf Graphic file (type pdf)

<use ./Figs/MR_vs_AARF_B.pdf>
Package pdftex.def Info: ./Figs/MR_vs_AARF_B.pdf used on input line 1049.
(pdftex.def)             Requested size: 239.39923pt x 142.8534pt.

<./Figs/b6.pdf, id=1054, 391.52272pt x 388.51147pt>
File: ./Figs/b6.pdf Graphic file (type pdf)
 <use ./Figs/b6.pdf>
Package pdftex.def Info: ./Figs/b6.pdf used on input line 1068.
(pdftex.def)             Requested size: 58.05975pt x 57.61024pt.

<./Figs/b6_a.pdf, id=1055, 391.52272pt x 388.51147pt>
File: ./Figs/b6_a.pdf Graphic file (type pdf)
 <use ./Figs/b6_a.pdf>
Package pdftex.def Info: ./Figs/b6_a.pdf used on input line 1079.
(pdftex.def)             Requested size: 58.05975pt x 57.61024pt.

[11pdfTeX warning (ext4): destination with the same identifier (name{table.2}) 
has been already used, duplicate ignored

\AtBegShi@Output ...ipout \box \AtBeginShipoutBox 
                                                  \fi \fi 
l.1087 
       pdfTeX warning (ext4): destination with the same identifier (name{figure
.16}) has been already used, duplicate ignored

\AtBegShi@Output ...ipout \box \AtBeginShipoutBox 
                                                  \fi \fi 
l.1087 
       pdfTeX warning (ext4): destination with the same identifier (name{figure
.17}) has been already used, duplicate ignored

\AtBegShi@Output ...ipout \box \AtBeginShipoutBox 
                                                  \fi \fi 
l.1087 
       pdfTeX warning (ext4): destination with the same identifier (name{figure
.18}) has been already used, duplicate ignored

\AtBegShi@Output ...ipout \box \AtBeginShipoutBox 
                                                  \fi \fi 
l.1087 
        <d:/Submissions/TCAD/2016/AnyAngleRouting/AARF-Final/AARF/Figs/MR_vs_AA
RF_A.pdf> <d:/Submissions/TCAD/2016/AnyAngleRouting/AARF-Final/AARF/Figs/MR_vs_
AARF_B.pdf> <d:/Submissions/TCAD/2016/AnyAngleRouting/AARF-Final/AARF/Figs/b6.p
df> <d:/Submissions/TCAD/2016/AnyAngleRouting/AARF-Final/AARF/Figs/b6_a.pdf>]
Underfull \hbox (badness 10000) in paragraph at lines 1136--1137
[]\OT1/ptm/m/n/8 Research and Mar-ket-s, On-line Avail-able:
 []


Underfull \hbox (badness 10000) in paragraph at lines 1136--1137
\OT1/ptm/m/n/8 http://www.researchandmarkets.com/reports/2854938/microfluidic-
 []


Underfull \hbox (badness 10000) in paragraph at lines 1215--1216
[]\OT1/ptm/m/n/8 ANSYS Flu-en-t. [On-line]. Avail-able:
 []

[12] <./photo/ykl.jpg, id=1255, 2666.96375pt x 3810.235pt>
File: ./photo/ykl.jpg Graphic file (type jpg)

<use ./photo/ykl.jpg>
Package pdftex.def Info: ./photo/ykl.jpg used on input line 1437.
(pdftex.def)             Requested size: 63.19861pt x 90.29053pt.
File: ./photo/ykl.jpg Graphic file (type jpg)
 <use ./photo/ykl.jpg>
Package pdftex.def Info: ./photo/ykl.jpg used on input line 1437.
(pdftex.def)             Requested size: 63.19861pt x 90.29053pt.

<./photo/hy.jpg, id=1258, 334.851pt x 411.136pt>
File: ./photo/hy.jpg Graphic file (type jpg)
 <use ./photo/hy.jpg>
Package pdftex.def Info: ./photo/hy.jpg used on input line 1440.
(pdftex.def)             Requested size: 72.26746pt x 88.73128pt.
File: ./photo/hy.jpg Graphic file (type jpg)

<use ./photo/hy.jpg>
Package pdftex.def Info: ./photo/hy.jpg used on input line 1440.
(pdftex.def)             Requested size: 72.26746pt x 88.73128pt.
 <./photo/T-YHo.jpg, id=1261, 157.83382pt x 203.27448pt>
File: ./photo/T-YHo.jpg Graphic file (type jpg)

<use ./photo/T-YHo.jpg>
Package pdftex.def Info: ./photo/T-YHo.jpg used on input line 1454.
(pdftex.def)             Requested size: 70.1431pt x 90.33742pt.
File: ./photo/T-YHo.jpg Graphic file (type jpg)
 <use ./photo/T-YHo.jpg>
Package pdftex.def Info: ./photo/T-YHo.jpg used on input line 1454.
(pdftex.def)             Requested size: 70.1431pt x 90.33742pt.

<./photo/xkz.jpg, id=1264, 168.63pt x 168.63pt>
File: ./photo/xkz.jpg Graphic file (type jpg)
 <use ./photo/xkz.jpg>
Package pdftex.def Info: ./photo/xkz.jpg used on input line 1458.
(pdftex.def)             Requested size: 72.27017pt x 72.27017pt.
File: ./photo/xkz.jpg Graphic file (type jpg)

<use ./photo/xkz.jpg>
Package pdftex.def Info: ./photo/xkz.jpg used on input line 1458.
(pdftex.def)             Requested size: 72.27017pt x 72.27017pt.
 <./photo/caiyc.jpg, id=1267, 72.27pt x 96.57318pt>
File: ./photo/caiyc.jpg Graphic file (type jpg)

<use ./photo/caiyc.jpg>
Package pdftex.def Info: ./photo/caiyc.jpg used on input line 1464.
(pdftex.def)             Requested size: 67.60516pt x 90.33966pt.
File: ./photo/caiyc.jpg Graphic file (type jpg)
 <use ./photo/caiyc.jpg>
Package pdftex.def Info: ./photo/caiyc.jpg used on input line 1464.
(pdftex.def)             Requested size: 67.60516pt x 90.33966pt.
Package atveryend Info: Empty hook `BeforeClearDocument' on input line 1468.
 [13 <d:/Submissions/TCAD/2016/AnyAngleRouting/AARF-Final/AARF/photo/ykl.jpg> <
d:/Submissions/TCAD/2016/AnyAngleRouting/AARF-Final/AARF/photo/hy.jpg> <d:/Subm
issions/TCAD/2016/AnyAngleRouting/AARF-Final/AARF/photo/T-YHo.jpg> <d:/Submissi
ons/TCAD/2016/AnyAngleRouting/AARF-Final/AARF/photo/xkz.jpg> <d:/Submissions/TC
AD/2016/AnyAngleRouting/AARF-Final/AARF/photo/caiyc.jpg>]
Package atveryend Info: Empty hook `AfterLastShipout' on input line 1468.

(d:\Submissions\TCAD\2016\AnyAngleRouting\AARF-Final\AARF\AAR_v8.aux)
Package atveryend Info: Executing hook `AtVeryEndDocument' on input line 1468.
Package atveryend Info: Executing hook `AtEndAfterFileList' on input line 1468.

Package rerunfilecheck Info: File `AAR_v8.out' has not changed.
(rerunfilecheck)             Checksum: 315766448A55828A39DD92DBC9EBF69E;1886.


LaTeX Warning: There were multiply-defined labels.

 ) 
Here is how much of TeX's memory you used:
 8475 strings out of 495354
 122421 string characters out of 3183860
 260982 words of memory out of 3000000
 11312 multiletter control sequences out of 15000+200000
 77559 words of font info for 153 fonts, out of 3000000 for 9000
 15 hyphenation exceptions out of 8191
 33i,21n,34p,1462b,613s stack positions out of 5000i,500n,10000p,200000b,50000s
{C:/CTEX/MiKTeX/fonts/enc/dvips/fontname/8r.enc}<C:/CTEX/MiKTeX/fonts/type1/p
ublic/amsfonts/cm/cmmi10.pfb><C:/CTEX/MiKTeX/fonts/type1/public/amsfonts/cm/cmr
10.pfb><C:/CTEX/MiKTeX/fonts/type1/public/amsfonts/cm/cmsy10.pfb><C:/CTEX/MiKTe
X/fonts/type1/public/amsfonts/cm/cmsy8.pfb><C:/CTEX/MiKTeX/fonts/type1/urw/symb
ol/usyr.pfb><C:/CTEX/MiKTeX/fonts/type1/urw/times/utmb8a.pfb><C:/CTEX/MiKTeX/fo
nts/type1/urw/times/utmbi8a.pfb><C:/CTEX/MiKTeX/fonts/type1/urw/times/utmr8a.pf
b><C:/CTEX/MiKTeX/fonts/type1/urw/times/utmri8a.pfb><C:/CTEX/MiKTeX/fonts/type1
/urw/zapfchan/uzcmi8a.pfb>
Output written on AAR_v8.pdf (13 pages, 5922361 bytes).
PDF statistics:
 1348 PDF objects out of 1440 (max. 8388607)
 159 named destinations out of 1000 (max. 500000)
 424 words of extra memory for PDF output out of 10000 (max. 10000000)

